0 verbose cli /data/data/com.termux/files/usr/bin/node /data/data/com.termux/files/usr/bin/npm
1 info using npm@10.8.3
2 info using node@v22.9.0
3 silly config load:file:/data/data/com.termux/files/usr/lib/node_modules/npm/npmrc
4 silly config load:file:/data/data/com.termux/files/home/.npmrc
5 silly config load:file:/data/data/com.termux/files/usr/etc/npmrc
6 verbose title npm install vercel
7 verbose argv "install" "--global" "vercel"
8 verbose logfile logs-max:10 dir:/data/data/com.termux/files/home/.npm/_logs/2024-11-27T13_50_14_190Z-
9 verbose logfile /data/data/com.termux/files/home/.npm/_logs/2024-11-27T13_50_14_190Z-debug-0.log
10 silly packumentCache heap:1028390912 maxSize:257097728 maxEntrySize:128548864
11 silly logfile done cleaning log files
12 silly idealTree buildDeps
13 silly fetch manifest vercel@*
14 silly packumentCache full:https://registry.npmjs.org/vercel cache-miss
15 http fetch GET 200 https://registry.npmjs.org/vercel 10581ms (cache miss)
16 silly packumentCache full:https://registry.npmjs.org/vercel set size:undefined disposed:false
17 silly placeDep ROOT vercel@39.1.2 OK for:  want: *
18 silly fetch manifest chokidar@4.0.0
19 silly packumentCache full:https://registry.npmjs.org/chokidar cache-miss
20 silly fetch manifest @vercel/go@3.2.1
21 silly packumentCache full:https://registry.npmjs.org/@vercel%2fgo cache-miss
22 silly fetch manifest @vercel/fun@1.1.0
23 silly packumentCache full:https://registry.npmjs.org/@vercel%2ffun cache-miss
24 silly fetch manifest @vercel/next@4.4.0
25 silly packumentCache full:https://registry.npmjs.org/@vercel%2fnext cache-miss
26 silly fetch manifest @vercel/node@3.2.27
27 silly packumentCache full:https://registry.npmjs.org/@vercel%2fnode cache-miss
28 silly fetch manifest @vercel/ruby@2.1.0
29 silly packumentCache full:https://registry.npmjs.org/@vercel%2fruby cache-miss
30 silly fetch manifest @vercel/python@4.5.1
31 silly packumentCache full:https://registry.npmjs.org/@vercel%2fpython cache-miss
32 http fetch GET 200 https://registry.npmjs.org/chokidar 311ms (cache miss)
33 silly packumentCache full:https://registry.npmjs.org/chokidar set size:undefined disposed:false
34 silly fetch manifest @vercel/redwood@2.1.8
35 silly packumentCache full:https://registry.npmjs.org/@vercel%2fredwood cache-miss
36 http fetch GET 200 https://registry.npmjs.org/@vercel%2fredwood 828ms (cache miss)
37 silly packumentCache full:https://registry.npmjs.org/@vercel%2fredwood set size:undefined disposed:false
38 silly fetch manifest @vercel/hydrogen@1.0.9
39 silly packumentCache full:https://registry.npmjs.org/@vercel%2fhydrogen cache-miss
40 http fetch GET 200 https://registry.npmjs.org/@vercel%2ffun 4790ms (cache miss)
41 silly packumentCache full:https://registry.npmjs.org/@vercel%2ffun set size:undefined disposed:false
42 silly fetch manifest @vercel/build-utils@8.6.0
43 silly packumentCache full:https://registry.npmjs.org/@vercel%2fbuild-utils cache-miss
44 http fetch GET 200 https://registry.npmjs.org/@vercel%2fhydrogen 3644ms (cache miss)
45 silly packumentCache full:https://registry.npmjs.org/@vercel%2fhydrogen set size:undefined disposed:false
46 silly fetch manifest @vercel/static-build@2.5.36
47 silly packumentCache full:https://registry.npmjs.org/@vercel%2fstatic-build cache-miss
48 http fetch GET 200 https://registry.npmjs.org/@vercel%2fpython 4949ms (cache miss)
49 silly packumentCache full:https://registry.npmjs.org/@vercel%2fpython set size:undefined disposed:false
50 silly fetch manifest @vercel/remix-builder@2.2.14
51 silly packumentCache full:https://registry.npmjs.org/@vercel%2fremix-builder cache-miss
52 http fetch GET 200 https://registry.npmjs.org/@vercel%2fgo 5068ms (cache miss)
53 silly packumentCache full:https://registry.npmjs.org/@vercel%2fgo set size:undefined disposed:false
54 http fetch GET 200 https://registry.npmjs.org/@vercel%2fnode 5333ms (cache miss)
55 silly packumentCache full:https://registry.npmjs.org/@vercel%2fnode set size:undefined disposed:false
56 http fetch GET 200 https://registry.npmjs.org/@vercel%2fremix-builder 522ms (cache miss)
57 silly packumentCache full:https://registry.npmjs.org/@vercel%2fremix-builder set size:undefined disposed:false
58 http fetch GET 200 https://registry.npmjs.org/@vercel%2fnext 5616ms (cache miss)
59 silly packumentCache full:https://registry.npmjs.org/@vercel%2fnext set size:undefined disposed:false
60 http fetch GET 200 https://registry.npmjs.org/@vercel%2fruby 5874ms (cache miss)
61 silly packumentCache full:https://registry.npmjs.org/@vercel%2fruby set size:undefined disposed:false
62 http fetch GET 200 https://registry.npmjs.org/@vercel%2fstatic-build 1098ms (cache miss)
63 silly packumentCache full:https://registry.npmjs.org/@vercel%2fstatic-build set size:undefined disposed:false
64 http fetch GET 200 https://registry.npmjs.org/@vercel%2fbuild-utils 1311ms (cache miss)
65 silly packumentCache full:https://registry.npmjs.org/@vercel%2fbuild-utils set size:undefined disposed:false
66 silly placeDep node_modules/vercel @vercel/build-utils@8.6.0 OK for: vercel@39.1.2 want: 8.6.0
67 silly placeDep node_modules/vercel @vercel/fun@1.1.0 OK for: vercel@39.1.2 want: 1.1.0
68 silly placeDep node_modules/vercel @vercel/go@3.2.1 OK for: vercel@39.1.2 want: 3.2.1
69 silly placeDep node_modules/vercel @vercel/hydrogen@1.0.9 OK for: vercel@39.1.2 want: 1.0.9
70 silly placeDep node_modules/vercel @vercel/next@4.4.0 OK for: vercel@39.1.2 want: 4.4.0
71 silly placeDep node_modules/vercel @vercel/node@3.2.27 OK for: vercel@39.1.2 want: 3.2.27
72 silly placeDep node_modules/vercel @vercel/python@4.5.1 OK for: vercel@39.1.2 want: 4.5.1
73 silly placeDep node_modules/vercel @vercel/redwood@2.1.8 OK for: vercel@39.1.2 want: 2.1.8
74 silly placeDep node_modules/vercel @vercel/remix-builder@2.2.14 OK for: vercel@39.1.2 want: 2.2.14
75 silly placeDep node_modules/vercel @vercel/ruby@2.1.0 OK for: vercel@39.1.2 want: 2.1.0
76 silly placeDep node_modules/vercel @vercel/static-build@2.5.36 OK for: vercel@39.1.2 want: 2.5.36
77 silly placeDep node_modules/vercel chokidar@4.0.0 OK for: vercel@39.1.2 want: 4.0.0
78 silly fetch manifest @tootallnate/once@2.0.0
79 silly packumentCache full:https://registry.npmjs.org/@tootallnate%2fonce cache-miss
80 silly fetch manifest async-listen@1.2.0
81 silly packumentCache full:https://registry.npmjs.org/async-listen cache-miss
82 silly fetch manifest debug@4.1.1
83 silly packumentCache full:https://registry.npmjs.org/debug cache-miss
84 silly fetch manifest execa@3.2.0
85 silly packumentCache full:https://registry.npmjs.org/execa cache-miss
86 silly fetch manifest fs-extra@8.1.0
87 silly packumentCache full:https://registry.npmjs.org/fs-extra cache-miss
88 silly fetch manifest generic-pool@3.4.2
89 silly packumentCache full:https://registry.npmjs.org/generic-pool cache-miss
90 silly fetch manifest micro@9.3.5-canary.3
91 silly packumentCache full:https://registry.npmjs.org/micro cache-miss
92 http fetch GET 200 https://registry.npmjs.org/debug 256ms (cache miss)
93 silly packumentCache full:https://registry.npmjs.org/debug set size:undefined disposed:false
94 silly fetch manifest ms@2.1.1
95 silly packumentCache full:https://registry.npmjs.org/ms cache-miss
96 http fetch GET 200 https://registry.npmjs.org/fs-extra 674ms (cache miss)
97 silly packumentCache full:https://registry.npmjs.org/fs-extra set size:undefined disposed:false
98 silly fetch manifest node-fetch@2.6.7
99 silly packumentCache full:https://registry.npmjs.org/node-fetch cache-miss
100 http fetch GET 200 https://registry.npmjs.org/@tootallnate%2fonce 743ms (cache miss)
101 silly packumentCache full:https://registry.npmjs.org/@tootallnate%2fonce set size:undefined disposed:false
102 silly fetch manifest path-match@1.2.4
103 silly packumentCache full:https://registry.npmjs.org/path-match cache-miss
104 http fetch GET 200 https://registry.npmjs.org/async-listen 764ms (cache miss)
105 silly packumentCache full:https://registry.npmjs.org/async-listen set size:undefined disposed:false
106 silly fetch manifest promisepipe@3.0.0
107 silly packumentCache full:https://registry.npmjs.org/promisepipe cache-miss
108 http fetch GET 200 https://registry.npmjs.org/ms 496ms (cache miss)
109 silly packumentCache full:https://registry.npmjs.org/ms set size:undefined disposed:false
110 silly fetch manifest semver@7.3.5
111 silly packumentCache full:https://registry.npmjs.org/semver cache-miss
112 http fetch GET 200 https://registry.npmjs.org/generic-pool 799ms (cache miss)
113 silly packumentCache full:https://registry.npmjs.org/generic-pool set size:undefined disposed:false
114 silly fetch manifest stat-mode@0.3.0
115 silly packumentCache full:https://registry.npmjs.org/stat-mode cache-miss
116 http fetch GET 200 https://registry.npmjs.org/execa 832ms (cache miss)
117 silly packumentCache full:https://registry.npmjs.org/execa set size:undefined disposed:false
118 silly fetch manifest stream-to-promise@2.2.0
119 silly packumentCache full:https://registry.npmjs.org/stream-to-promise cache-miss
120 http fetch GET 200 https://registry.npmjs.org/micro 851ms (cache miss)
121 silly packumentCache full:https://registry.npmjs.org/micro set size:undefined disposed:false
122 silly fetch manifest tar@4.4.18
123 silly packumentCache full:https://registry.npmjs.org/tar cache-miss
124 http fetch GET 200 https://registry.npmjs.org/path-match 450ms (cache miss)
125 silly packumentCache full:https://registry.npmjs.org/path-match set size:undefined disposed:false
126 silly fetch manifest tree-kill@1.2.2
127 silly packumentCache full:https://registry.npmjs.org/tree-kill cache-miss
128 http fetch GET 200 https://registry.npmjs.org/promisepipe 455ms (cache miss)
129 silly packumentCache full:https://registry.npmjs.org/promisepipe set size:undefined disposed:false
130 silly fetch manifest uid-promise@1.0.0
131 silly packumentCache full:https://registry.npmjs.org/uid-promise cache-miss
132 http fetch GET 200 https://registry.npmjs.org/stat-mode 416ms (cache miss)
133 silly packumentCache full:https://registry.npmjs.org/stat-mode set size:undefined disposed:false
134 silly fetch manifest uuid@3.3.2
135 silly packumentCache full:https://registry.npmjs.org/uuid cache-miss
136 http fetch GET 200 https://registry.npmjs.org/semver 474ms (cache miss)
137 silly packumentCache full:https://registry.npmjs.org/semver set size:undefined disposed:false
138 silly fetch manifest xdg-app-paths@5.1.0
139 silly packumentCache full:https://registry.npmjs.org/xdg-app-paths cache-miss
140 http fetch GET 200 https://registry.npmjs.org/node-fetch 596ms (cache miss)
141 silly packumentCache full:https://registry.npmjs.org/node-fetch set size:undefined disposed:false
142 silly fetch manifest yauzl-promise@2.1.3
143 silly packumentCache full:https://registry.npmjs.org/yauzl-promise cache-miss
144 http fetch GET 200 https://registry.npmjs.org/uid-promise 244ms (cache miss)
145 silly packumentCache full:https://registry.npmjs.org/uid-promise set size:undefined disposed:false
146 silly fetch manifest ts-morph@12.0.0
147 silly packumentCache full:https://registry.npmjs.org/ts-morph cache-miss
148 http fetch GET 200 https://registry.npmjs.org/tree-kill 285ms (cache miss)
149 silly packumentCache full:https://registry.npmjs.org/tree-kill set size:undefined disposed:false
150 silly fetch manifest @vercel/static-config@3.0.0
151 silly packumentCache full:https://registry.npmjs.org/@vercel%2fstatic-config cache-miss
152 http fetch GET 200 https://registry.npmjs.org/tar 638ms (cache miss)
153 silly packumentCache full:https://registry.npmjs.org/tar set size:undefined disposed:false
154 silly fetch manifest @vercel/nft@0.27.3
155 silly packumentCache full:https://registry.npmjs.org/@vercel%2fnft cache-miss
156 http fetch GET 200 https://registry.npmjs.org/xdg-app-paths 388ms (cache miss)
157 silly packumentCache full:https://registry.npmjs.org/xdg-app-paths set size:undefined disposed:false
158 silly fetch manifest etag@1.8.1
159 silly packumentCache full:https://registry.npmjs.org/etag cache-miss
160 http fetch GET 200 https://registry.npmjs.org/yauzl-promise 362ms (cache miss)
161 silly packumentCache full:https://registry.npmjs.org/yauzl-promise set size:undefined disposed:false
162 silly fetch manifest undici@5.28.4
163 silly packumentCache full:https://registry.npmjs.org/undici cache-miss
164 http fetch GET 200 https://registry.npmjs.org/uuid 479ms (cache miss)
165 silly packumentCache full:https://registry.npmjs.org/uuid set size:undefined disposed:false
166 silly fetch manifest esbuild@0.14.47
167 silly packumentCache full:https://registry.npmjs.org/esbuild cache-miss
168 http fetch GET 200 https://registry.npmjs.org/ts-morph 1853ms (cache miss)
169 silly packumentCache full:https://registry.npmjs.org/ts-morph set size:undefined disposed:false
170 silly fetch manifest ts-node@10.9.1
171 silly packumentCache full:https://registry.npmjs.org/ts-node cache-miss
172 http fetch GET 200 https://registry.npmjs.org/stream-to-promise 4497ms (cache miss)
173 silly packumentCache full:https://registry.npmjs.org/stream-to-promise set size:undefined disposed:false
174 silly fetch manifest node-fetch@2.6.9
175 silly packumentCache full:https://registry.npmjs.org/node-fetch cache-miss
176 http fetch GET 200 https://registry.npmjs.org/node-fetch 60ms (cache hit)
177 silly packumentCache full:https://registry.npmjs.org/node-fetch set size:896010 disposed:false
178 silly fetch manifest typescript@4.9.5
179 silly packumentCache full:https://registry.npmjs.org/typescript cache-miss
180 http fetch GET https://registry.npmjs.org/@vercel%2fstatic-config attempt 1 failed with ECONNABORTED
181 http fetch GET https://registry.npmjs.org/etag attempt 1 failed with ECONNABORTED
182 http fetch GET https://registry.npmjs.org/typescript attempt 1 failed with ECONNABORTED
183 silly fetch manifest @types/node@16.18.11
184 silly packumentCache full:https://registry.npmjs.org/@types%2fnode cache-miss
185 http fetch GET https://registry.npmjs.org/undici attempt 1 failed with ECONNABORTED
186 http fetch GET https://registry.npmjs.org/esbuild attempt 1 failed with ECONNABORTED
187 http fetch GET https://registry.npmjs.org/ts-node attempt 1 failed with ECONNABORTED
188 http fetch GET https://registry.npmjs.org/@types%2fnode attempt 1 failed with ENETUNREACH
189 http fetch GET 200 https://registry.npmjs.org/etag 27536ms attempt #2 (cache miss)
190 silly packumentCache full:https://registry.npmjs.org/etag set size:undefined disposed:false
191 silly fetch manifest @vercel/nft@0.27.3
192 silly packumentCache full:https://registry.npmjs.org/@vercel%2fnft cache-miss
193 http fetch GET 200 https://registry.npmjs.org/@vercel%2fstatic-config 28287ms attempt #2 (cache miss)
194 silly packumentCache full:https://registry.npmjs.org/@vercel%2fstatic-config set size:undefined disposed:false
195 silly fetch manifest async-listen@3.0.0
196 silly packumentCache full:https://registry.npmjs.org/async-listen cache-miss
197 http fetch GET 200 https://registry.npmjs.org/async-listen 54ms (cache hit)
198 silly packumentCache full:https://registry.npmjs.org/async-listen set size:26095 disposed:false
199 silly fetch manifest edge-runtime@2.5.9
200 silly packumentCache full:https://registry.npmjs.org/edge-runtime cache-miss
201 silly fetch manifest path-to-regexp@6.2.1
202 silly packumentCache full:https://registry.npmjs.org/path-to-regexp cache-miss
203 http fetch GET 200 https://registry.npmjs.org/@vercel%2fnft 13871ms (cache miss)
204 silly packumentCache full:https://registry.npmjs.org/@vercel%2fnft set size:undefined disposed:false
205 silly fetch manifest es-module-lexer@1.4.1
206 silly packumentCache full:https://registry.npmjs.org/es-module-lexer cache-miss
207 http fetch GET 200 https://registry.npmjs.org/es-module-lexer 5431ms (cache miss)
208 silly packumentCache full:https://registry.npmjs.org/es-module-lexer set size:undefined disposed:false
209 silly fetch manifest @edge-runtime/vm@3.2.0
210 silly packumentCache full:https://registry.npmjs.org/@edge-runtime%2fvm cache-miss
211 http fetch GET 200 https://registry.npmjs.org/path-to-regexp 8206ms (cache miss)
212 silly packumentCache full:https://registry.npmjs.org/path-to-regexp set size:undefined disposed:false
213 silly fetch manifest cjs-module-lexer@1.2.3
214 silly packumentCache full:https://registry.npmjs.org/cjs-module-lexer cache-miss
215 http fetch GET 200 https://registry.npmjs.org/@edge-runtime%2fvm 467ms (cache miss)
216 silly packumentCache full:https://registry.npmjs.org/@edge-runtime%2fvm set size:undefined disposed:false
217 silly fetch manifest @vercel/error-utils@2.0.3
218 silly packumentCache full:https://registry.npmjs.org/@vercel%2ferror-utils cache-miss
219 silly fetch manifest @edge-runtime/node-utils@2.3.0
220 silly packumentCache full:https://registry.npmjs.org/@edge-runtime%2fnode-utils cache-miss
221 http fetch GET https://registry.npmjs.org/@vercel%2ferror-utils attempt 1 failed with ECONNABORTED
222 silly fetch manifest @edge-runtime/primitives@4.1.0
223 silly packumentCache full:https://registry.npmjs.org/@edge-runtime%2fprimitives cache-miss
224 http fetch GET https://registry.npmjs.org/edge-runtime attempt 1 failed with ECONNABORTED
225 silly fetch manifest semver@6.3.1
226 silly packumentCache full:https://registry.npmjs.org/semver cache-miss
227 silly fetch manifest @vercel/routing-utils@3.1.0
228 silly packumentCache full:https://registry.npmjs.org/@vercel%2frouting-utils cache-miss
229 silly fetch manifest @vercel/error-utils@2.0.3
230 silly packumentCache full:https://registry.npmjs.org/@vercel%2ferror-utils cache-miss
231 http fetch GET https://registry.npmjs.org/@edge-runtime%2fnode-utils attempt 1 failed with ENETUNREACH
232 http fetch GET https://registry.npmjs.org/@edge-runtime%2fprimitives attempt 1 failed with ENETUNREACH
233 http fetch GET https://registry.npmjs.org/@vercel%2frouting-utils attempt 1 failed with ENETUNREACH
234 http fetch GET https://registry.npmjs.org/@vercel%2ferror-utils attempt 1 failed with ENETUNREACH
235 http fetch GET 200 https://registry.npmjs.org/semver 398ms (cache hit)
236 silly packumentCache full:https://registry.npmjs.org/semver set size:215926 disposed:false
237 silly fetch manifest @vercel/gatsby-plugin-vercel-builder@2.0.58
238 silly packumentCache full:https://registry.npmjs.org/@vercel%2fgatsby-plugin-vercel-builder cache-miss
239 http fetch GET https://registry.npmjs.org/@vercel%2fgatsby-plugin-vercel-builder attempt 1 failed with ENETUNREACH
